c:\users\78474\source\repos\greedysnake\greedysnake\x64\debug\vc145.pdb
c:\users\78474\source\repos\greedysnake\greedysnake\x64\debug\vc145.idb
d:\code\school\题目五\material\greedysnake\greedysnake\x64\debug\vc145.pdb
d:\code\school\题目五\material\greedysnake\greedysnake\x64\debug\vc145.idb
d:\code\school\题目五\material\greedysnake\greedysnake\x64\debug\main.obj
d:\code\school\题目五\material\greedysnake\greedysnake\x64\debug\level_common.obj
d:\code\school\题目五\material\greedysnake\greedysnake\x64\debug\level1.obj
d:\code\school\题目五\material\greedysnake\greedysnake\x64\debug\leaderboard.obj
d:\code\school\题目五\material\greedysnake\greedysnake\x64\debug\game_ui.obj
d:\code\school\题目五\material\greedysnake\greedysnake\x64\debug\game_shared.obj
d:\code\school\题目五\material\greedysnake\x64\debug\greedysnake.exe
d:\code\school\题目五\material\greedysnake\x64\debug\greedysnake.pdb
d:\code\school\题目五\material\greedysnake\greedysnake\x64\debug\greedysnake.ilk
d:\code\school\题目五\material\greedysnake\greedysnake\x64\debug\greedysnake.tlog\cl.command.1.tlog
d:\code\school\题目五\material\greedysnake\greedysnake\x64\debug\greedysnake.tlog\cl.items.tlog
d:\code\school\题目五\material\greedysnake\greedysnake\x64\debug\greedysnake.tlog\cl.read.1.tlog
d:\code\school\题目五\material\greedysnake\greedysnake\x64\debug\greedysnake.tlog\cl.write.1.tlog
d:\code\school\题目五\material\greedysnake\greedysnake\x64\debug\greedysnake.tlog\link.command.1.tlog
d:\code\school\题目五\material\greedysnake\greedysnake\x64\debug\greedysnake.tlog\link.read.1.tlog
d:\code\school\题目五\material\greedysnake\greedysnake\x64\debug\greedysnake.tlog\link.secondary.1.tlog
d:\code\school\题目五\material\greedysnake\greedysnake\x64\debug\greedysnake.tlog\link.write.1.tlog
